INFO:root:
Date: 2023-12-21 10:56:10.335190
----------- Initializing ---------
L: 3
S: 3/2
ligand numbers: 2
ligand positions:
ion:M    X:0    Y:0    Z:0    
ligand0:O    X:0    Y:0    Z:1    
ligand1:O    X:0    Y:0    Z:-1    

-------- Point Charge Modeling (meV) --------
B20: 188.58048736121333 
B21: 0.0 
B22: 0.0 
B40: 13.102142649050773 
B41: 0.0 
B42: 0.0 
B43: 0.0 
B44: 0.0 
SO value (meV): -23.43300170056641
SS value (meV): 0.029756192635639885
molecular field (meV): 0.029756192635639885









INFO:root:
Date: 2023-12-21 12:00:57.473285
----------- Initializing ---------
L: 3
S: 3/2
ligand numbers: 2
ligand positions:
ion:M    X:0    Y:0    Z:0    
ligand0:O    X:0    Y:0    Z:1    
ligand1:O    X:0    Y:0    Z:-1     

-------- Point Charge Modeling (meV) --------
B20: 188.58048736121333 
B21: 0.0 
B22: 0.0 
B40: 13.102142649050773 
B41: 0.0 
B42: 0.0 
B43: 0.0 
B44: 0.0 
SO value (meV): -23.43300170056641
SS value (meV): 0.029756192635639885
molecular field (meV): 0.029756192635639885









